<?xml version="1.0" encoding="UTF-8"?>
<testsuite xmlns:xsi="http://www.w3.org/2001/XMLSchema-instance" xsi:noNamespaceSchemaLocation="https://maven.apache.org/surefire/maven-surefire-plugin/xsd/surefire-test-report-3.0.xsd" version="3.0" name="br.com.erudio.rest_with_spring_boot_and_kotlin_erudio_main.StartupTests" time="5.409" tests="1" errors="0" skipped="0" failures="0">
  <properties>
[...]
</properties>
  <testcase name="contextLoads" classname="br.com.erudio.rest_with_spring_boot_and_kotlin_erudio_main.StartupTests" time="0.428">
    <system-out><![CDATA[18:42:05.667 [main] INFO org.springframework.test.context.support.AnnotationConfigContextLoaderUtils -- Could not detect default configuration classes for test class [br.com.erudio.rest_with_spring_boot_and_kotlin_erudio_main.StartupTests]: StartupTests does not declare any static, non-private, non-final, nested classes annotated with @Configuration.
18:42:05.761 [main] INFO org.springframework.boot.test.context.SpringBootTestContextBootstrapper -- Found @SpringBootConfiguration br.com.erudio.rest_with_spring_boot_and_kotlin_erudio_main.Startup for test class br.com.erudio.rest_with_spring_boot_and_kotlin_erudio_main.StartupTests
18:42:05.931 [main] INFO org.springframework.boot.devtools.restart.RestartApplicationListener -- Restart disabled due to context in which it is running

  .   ____          _            __ _ _
 /\\ / ___'_ __ _ _(_)_ __  __ _ \ \ \ \
( ( )\___ | '_ | '_| | '_ \/ _` | \ \ \ \
 \\/  ___)| |_)| | | | | || (_| |  ) ) ) )
  '  |____| .__|_| |_|_| |_\__, | / / / /
 =========|_|==============|___/=/_/_/_/

 :: Spring Boot ::                (v3.3.3)

2024-09-03T18:42:06.277-03:00  INFO 5648 --- [           main] b.c.e.r.StartupTests                     : Starting StartupTests using Java 22.0.2 with PID 5648 (started by victo in C:\Users\victo\Documents\MyProjects\Curso Kotlin\rest-with-spring-boot-and-kotlin-erudio-main\5_FirstStepsInKotlinWithSpringBoot\rest-with-spring-boot-and-kotlin-erudio-main)
2024-09-03T18:42:06.278-03:00  INFO 5648 --- [           main] b.c.e.r.StartupTests                     : No active profile set, falling back to 1 default profile: "default"
2024-09-03T18:42:07.056-03:00  INFO 5648 --- [           main] .s.d.r.c.RepositoryConfigurationDelegate : Bootstrapping Spring Data JPA repositories in DEFAULT mode.
2024-09-03T18:42:07.117-03:00  INFO 5648 --- [           main] .s.d.r.c.RepositoryConfigurationDelegate : Finished Spring Data repository scanning in 53 ms. Found 1 JPA repository interface.
2024-09-03T18:42:07.710-03:00  INFO 5648 --- [           main] com.zaxxer.hikari.HikariDataSource       : HikariPool-1 - Starting...
2024-09-03T18:42:08.051-03:00  INFO 5648 --- [           main] com.zaxxer.hikari.pool.HikariPool        : HikariPool-1 - Added connection com.mysql.cj.jdbc.ConnectionImpl@58c42c8c
2024-09-03T18:42:08.053-03:00  INFO 5648 --- [           main] com.zaxxer.hikari.HikariDataSource       : HikariPool-1 - Start completed.
2024-09-03T18:42:08.108-03:00  INFO 5648 --- [           main] org.flywaydb.core.FlywayExecutor         : Database: jdbc:mysql://localhost:3306/spring_boot (MySQL 8.0)
2024-09-03T18:42:08.141-03:00  INFO 5648 --- [           main] o.f.c.i.s.JdbcTableSchemaHistory         : Schema history table `spring_boot`.`flyway_schema_history` does not exist yet
2024-09-03T18:42:08.144-03:00  INFO 5648 --- [           main] o.f.core.internal.command.DbValidate     : Successfully validated 1 migration (execution time 00:00.015s)
2024-09-03T18:42:08.160-03:00  INFO 5648 --- [           main] o.f.c.i.s.JdbcTableSchemaHistory         : Creating Schema History table `spring_boot`.`flyway_schema_history` ...
2024-09-03T18:42:08.219-03:00  INFO 5648 --- [           main] o.f.core.internal.command.DbMigrate      : Current version of schema `spring_boot`: << Empty Schema >>
2024-09-03T18:42:08.227-03:00  INFO 5648 --- [           main] o.f.core.internal.command.DbMigrate      : Migrating schema `spring_boot` to version "1 - Create Table Person"
2024-09-03T18:42:08.262-03:00  INFO 5648 --- [           main] o.f.core.internal.command.DbMigrate      : Successfully applied 1 migration to schema `spring_boot`, now at version v1 (execution time 00:00.011s)
2024-09-03T18:42:08.374-03:00  INFO 5648 --- [           main] o.hibernate.jpa.internal.util.LogHelper  : HHH000204: Processing PersistenceUnitInfo [name: default]
2024-09-03T18:42:08.447-03:00  INFO 5648 --- [           main] org.hibernate.Version                    : HHH000412: Hibernate ORM core version 6.5.2.Final
2024-09-03T18:42:08.487-03:00  INFO 5648 --- [           main] o.h.c.internal.RegionFactoryInitiator    : HHH000026: Second-level cache disabled
2024-09-03T18:42:08.797-03:00  INFO 5648 --- [           main] o.s.o.j.p.SpringPersistenceUnitInfo      : No LoadTimeWeaver setup: ignoring JPA class transformer
2024-09-03T18:42:09.576-03:00  INFO 5648 --- [           main] o.h.e.t.j.p.i.JtaPlatformInitiator       : HHH000489: No JTA platform available (set 'hibernate.transaction.jta.platform' to enable JTA platform integration)
2024-09-03T18:42:09.579-03:00  INFO 5648 --- [           main] j.LocalContainerEntityManagerFactoryBean : Initialized JPA EntityManagerFactory for persistence unit 'default'
2024-09-03T18:42:10.479-03:00  INFO 5648 --- [           main] b.c.e.r.StartupTests                     : Started StartupTests in 4.565 seconds (process running for 5.426)
]]></system-out>
    <system-err><![CDATA[WARNING: A Java agent has been loaded dynamically (C:\Users\victo\.m2\repository\net\bytebuddy\byte-buddy-agent\1.14.19\byte-buddy-agent-1.14.19.jar)
WARNING: If a serviceability tool is in use, please run with -XX:+EnableDynamicAgentLoading to hide this warning
WARNING: If a serviceability tool is not in use, please run with -Djdk.instrument.traceUsage for more information
WARNING: Dynamic loading of agents will be disallowed by default in a future release
]]></system-err>
  </testcase>
</testsuite>